<?xml version="1.0" encoding="UTF-8"?>
<testsuite xmlns:xsi="http://www.w3.org/2001/XMLSchema-instance" xsi:noNamespaceSchemaLocation="https://maven.apache.org/surefire/maven-surefire-plugin/xsd/surefire-test-report.xsd" name="com.paichi.TestMinio" time="3.991" tests="2" errors="0" skipped="0" failures="0">
  <properties>
    <property name="sun.desktop" value="windows"/>
    <property name="awt.toolkit" value="sun.awt.windows.WToolkit"/>
    <property name="file.encoding.pkg" value="sun.io"/>
    <property name="java.specification.version" value="1.8"/>
    <property name="sun.cpu.isalist" value="amd64"/>
    <property name="sun.jnu.encoding" value="GBK"/>
    <property name="java.class.path" value="E:\workspace\paichi\代码\paichi\target\test-classes;E:\workspace\paichi\代码\paichi\target\classes;D:\software\maven-repository\org\springframework\boot\spring-boot-starter-web\2.2.1.RELEASE\spring-boot-starter-web-2.2.1.RELEASE.jar;D:\software\maven-repository\org\springframework\boot\spring-boot-starter\2.2.1.RELEASE\spring-boot-starter-2.2.1.RELEASE.jar;D:\software\maven-repository\org\springframework\boot\spring-boot-starter-logging\2.2.1.RELEASE\spring-boot-starter-logging-2.2.1.RELEASE.jar;D:\software\maven-repository\ch\qos\logback\logback-classic\1.2.3\logback-classic-1.2.3.jar;D:\software\maven-repository\ch\qos\logback\logback-core\1.2.3\logback-core-1.2.3.jar;D:\software\maven-repository\org\apache\logging\log4j\log4j-to-slf4j\2.12.1\log4j-to-slf4j-2.12.1.jar;D:\software\maven-repository\org\apache\logging\log4j\log4j-api\2.12.1\log4j-api-2.12.1.jar;D:\software\maven-repository\org\slf4j\jul-to-slf4j\1.7.29\jul-to-slf4j-1.7.29.jar;D:\software\maven-repository\org\yaml\snakeyaml\1.25\snakeyaml-1.25.jar;D:\software\maven-repository\org\springframework\boot\spring-boot-starter-json\2.2.1.RELEASE\spring-boot-starter-json-2.2.1.RELEASE.jar;D:\software\maven-repository\com\fasterxml\jackson\datatype\jackson-datatype-jdk8\2.10.0\jackson-datatype-jdk8-2.10.0.jar;D:\software\maven-repository\com\fasterxml\jackson\datatype\jackson-datatype-jsr310\2.10.0\jackson-datatype-jsr310-2.10.0.jar;D:\software\maven-repository\com\fasterxml\jackson\module\jackson-module-parameter-names\2.10.0\jackson-module-parameter-names-2.10.0.jar;D:\software\maven-repository\org\springframework\boot\spring-boot-starter-validation\2.2.1.RELEASE\spring-boot-starter-validation-2.2.1.RELEASE.jar;D:\software\maven-repository\jakarta\validation\jakarta.validation-api\2.0.1\jakarta.validation-api-2.0.1.jar;D:\software\maven-repository\org\hibernate\validator\hibernate-validator\6.0.18.Final\hibernate-validator-6.0.18.Final.jar;D:\software\maven-repository\org\jboss\logging\jboss-logging\3.4.1.Final\jboss-logging-3.4.1.Final.jar;D:\software\maven-repository\com\fasterxml\classmate\1.5.1\classmate-1.5.1.jar;D:\software\maven-repository\org\springframework\spring-web\5.2.1.RELEASE\spring-web-5.2.1.RELEASE.jar;D:\software\maven-repository\org\springframework\spring-beans\5.2.1.RELEASE\spring-beans-5.2.1.RELEASE.jar;D:\software\maven-repository\org\springframework\spring-webmvc\5.2.1.RELEASE\spring-webmvc-5.2.1.RELEASE.jar;D:\software\maven-repository\org\springframework\spring-aop\5.2.1.RELEASE\spring-aop-5.2.1.RELEASE.jar;D:\software\maven-repository\org\springframework\spring-context\5.2.1.RELEASE\spring-context-5.2.1.RELEASE.jar;D:\software\maven-repository\org\springframework\spring-expression\5.2.1.RELEASE\spring-expression-5.2.1.RELEASE.jar;D:\software\maven-repository\org\springframework\boot\spring-boot-starter-tomcat\2.2.1.RELEASE\spring-boot-starter-tomcat-2.2.1.RELEASE.jar;D:\software\maven-repository\jakarta\annotation\jakarta.annotation-api\1.3.5\jakarta.annotation-api-1.3.5.jar;D:\software\maven-repository\org\apache\tomcat\embed\tomcat-embed-core\9.0.27\tomcat-embed-core-9.0.27.jar;D:\software\maven-repository\org\apache\tomcat\embed\tomcat-embed-el\9.0.27\tomcat-embed-el-9.0.27.jar;D:\software\maven-repository\org\apache\tomcat\embed\tomcat-embed-websocket\9.0.27\tomcat-embed-websocket-9.0.27.jar;D:\software\maven-repository\org\springframework\boot\spring-boot-starter-test\2.2.1.RELEASE\spring-boot-starter-test-2.2.1.RELEASE.jar;D:\software\maven-repository\org\springframework\boot\spring-boot-test\2.2.1.RELEASE\spring-boot-test-2.2.1.RELEASE.jar;D:\software\maven-repository\org\springframework\boot\spring-boot-test-autoconfigure\2.2.1.RELEASE\spring-boot-test-autoconfigure-2.2.1.RELEASE.jar;D:\software\maven-repository\com\jayway\jsonpath\json-path\2.4.0\json-path-2.4.0.jar;D:\software\maven-repository\net\minidev\json-smart\2.3\json-smart-2.3.jar;D:\software\maven-repository\net\minidev\accessors-smart\1.2\accessors-smart-1.2.jar;D:\software\maven-repository\org\ow2\asm\asm\5.0.4\asm-5.0.4.jar;D:\software\maven-repository\jakarta\xml\bind\jakarta.xml.bind-api\2.3.2\jakarta.xml.bind-api-2.3.2.jar;D:\software\maven-repository\jakarta\activation\jakarta.activation-api\1.2.1\jakarta.activation-api-1.2.1.jar;D:\software\maven-repository\org\junit\jupiter\junit-jupiter\5.5.2\junit-jupiter-5.5.2.jar;D:\software\maven-repository\org\junit\jupiter\junit-jupiter-api\5.5.2\junit-jupiter-api-5.5.2.jar;D:\software\maven-repository\org\opentest4j\opentest4j\1.2.0\opentest4j-1.2.0.jar;D:\software\maven-repository\org\junit\platform\junit-platform-commons\1.5.2\junit-platform-commons-1.5.2.jar;D:\software\maven-repository\org\junit\jupiter\junit-jupiter-params\5.5.2\junit-jupiter-params-5.5.2.jar;D:\software\maven-repository\org\junit\jupiter\junit-jupiter-engine\5.5.2\junit-jupiter-engine-5.5.2.jar;D:\software\maven-repository\org\junit\vintage\junit-vintage-engine\5.5.2\junit-vintage-engine-5.5.2.jar;D:\software\maven-repository\org\apiguardian\apiguardian-api\1.1.0\apiguardian-api-1.1.0.jar;D:\software\maven-repository\org\junit\platform\junit-platform-engine\1.5.2\junit-platform-engine-1.5.2.jar;D:\software\maven-repository\org\mockito\mockito-junit-jupiter\3.1.0\mockito-junit-jupiter-3.1.0.jar;D:\software\maven-repository\org\assertj\assertj-core\3.13.2\assertj-core-3.13.2.jar;D:\software\maven-repository\org\hamcrest\hamcrest\2.1\hamcrest-2.1.jar;D:\software\maven-repository\org\mockito\mockito-core\3.1.0\mockito-core-3.1.0.jar;D:\software\maven-repository\net\bytebuddy\byte-buddy\1.10.2\byte-buddy-1.10.2.jar;D:\software\maven-repository\net\bytebuddy\byte-buddy-agent\1.10.2\byte-buddy-agent-1.10.2.jar;D:\software\maven-repository\org\objenesis\objenesis\2.6\objenesis-2.6.jar;D:\software\maven-repository\org\skyscreamer\jsonassert\1.5.0\jsonassert-1.5.0.jar;D:\software\maven-repository\com\vaadin\external\google\android-json\0.0.20131108.vaadin1\android-json-0.0.20131108.vaadin1.jar;D:\software\maven-repository\org\springframework\spring-core\5.2.1.RELEASE\spring-core-5.2.1.RELEASE.jar;D:\software\maven-repository\org\springframework\spring-jcl\5.2.1.RELEASE\spring-jcl-5.2.1.RELEASE.jar;D:\software\maven-repository\org\springframework\spring-test\5.2.1.RELEASE\spring-test-5.2.1.RELEASE.jar;D:\software\maven-repository\org\xmlunit\xmlunit-core\2.6.3\xmlunit-core-2.6.3.jar;D:\software\maven-repository\org\springframework\boot\spring-boot-devtools\2.2.1.RELEASE\spring-boot-devtools-2.2.1.RELEASE.jar;D:\software\maven-repository\org\springframework\boot\spring-boot\2.2.1.RELEASE\spring-boot-2.2.1.RELEASE.jar;D:\software\maven-repository\org\springframework\boot\spring-boot-autoconfigure\2.2.1.RELEASE\spring-boot-autoconfigure-2.2.1.RELEASE.jar;D:\software\maven-repository\org\springframework\boot\spring-boot-starter-thymeleaf\2.2.1.RELEASE\spring-boot-starter-thymeleaf-2.2.1.RELEASE.jar;D:\software\maven-repository\org\thymeleaf\thymeleaf-spring5\3.0.11.RELEASE\thymeleaf-spring5-3.0.11.RELEASE.jar;D:\software\maven-repository\org\thymeleaf\thymeleaf\3.0.11.RELEASE\thymeleaf-3.0.11.RELEASE.jar;D:\software\maven-repository\org\attoparser\attoparser\2.0.5.RELEASE\attoparser-2.0.5.RELEASE.jar;D:\software\maven-repository\org\unbescape\unbescape\1.1.6.RELEASE\unbescape-1.1.6.RELEASE.jar;D:\software\maven-repository\org\thymeleaf\extras\thymeleaf-extras-java8time\3.0.4.RELEASE\thymeleaf-extras-java8time-3.0.4.RELEASE.jar;D:\software\maven-repository\org\springframework\boot\spring-boot-starter-mail\2.2.1.RELEASE\spring-boot-starter-mail-2.2.1.RELEASE.jar;D:\software\maven-repository\org\springframework\spring-context-support\5.2.1.RELEASE\spring-context-support-5.2.1.RELEASE.jar;D:\software\maven-repository\com\sun\mail\jakarta.mail\1.6.4\jakarta.mail-1.6.4.jar;D:\software\maven-repository\com\sun\activation\jakarta.activation\1.2.1\jakarta.activation-1.2.1.jar;D:\software\maven-repository\org\projectlombok\lombok\1.18.10\lombok-1.18.10.jar;D:\software\maven-repository\com\baomidou\mybatis-plus-boot-starter\3.0.6\mybatis-plus-boot-starter-3.0.6.jar;D:\software\maven-repository\com\baomidou\mybatis-plus\3.0.6\mybatis-plus-3.0.6.jar;D:\software\maven-repository\com\baomidou\mybatis-plus-extension\3.0.6\mybatis-plus-extension-3.0.6.jar;D:\software\maven-repository\com\baomidou\mybatis-plus-core\3.0.6\mybatis-plus-core-3.0.6.jar;D:\software\maven-repository\com\baomidou\mybatis-plus-annotation\3.0.6\mybatis-plus-annotation-3.0.6.jar;D:\software\maven-repository\com\github\jsqlparser\jsqlparser\1.2\jsqlparser-1.2.jar;D:\software\maven-repository\org\mybatis\mybatis-spring\1.3.2\mybatis-spring-1.3.2.jar;D:\software\maven-repository\org\mybatis\mybatis\3.4.6\mybatis-3.4.6.jar;D:\software\maven-repository\com\baomidou\mybatis-plus-generator\3.0.6\mybatis-plus-generator-3.0.6.jar;D:\software\maven-repository\org\apache\velocity\velocity-engine-core\2.0\velocity-engine-core-2.0.jar;D:\software\maven-repository\org\apache\commons\commons-lang3\3.9\commons-lang3-3.9.jar;D:\software\maven-repository\org\slf4j\slf4j-api\1.7.29\slf4j-api-1.7.29.jar;D:\software\maven-repository\com\alibaba\druid-spring-boot-starter\1.1.17\druid-spring-boot-starter-1.1.17.jar;D:\software\maven-repository\com\alibaba\druid\1.1.17\druid-1.1.17.jar;D:\software\maven-repository\com\alibaba\fastjson\1.2.47\fastjson-1.2.47.jar;D:\software\maven-repository\org\springframework\boot\spring-boot-starter-data-redis\2.2.1.RELEASE\spring-boot-starter-data-redis-2.2.1.RELEASE.jar;D:\software\maven-repository\org\springframework\data\spring-data-redis\2.2.1.RELEASE\spring-data-redis-2.2.1.RELEASE.jar;D:\software\maven-repository\org\springframework\data\spring-data-keyvalue\2.2.1.RELEASE\spring-data-keyvalue-2.2.1.RELEASE.jar;D:\software\maven-repository\org\springframework\data\spring-data-commons\2.2.1.RELEASE\spring-data-commons-2.2.1.RELEASE.jar;D:\software\maven-repository\org\springframework\spring-tx\5.2.1.RELEASE\spring-tx-5.2.1.RELEASE.jar;D:\software\maven-repository\org\springframework\spring-oxm\5.2.1.RELEASE\spring-oxm-5.2.1.RELEASE.jar;D:\software\maven-repository\io\lettuce\lettuce-core\5.2.1.RELEASE\lettuce-core-5.2.1.RELEASE.jar;D:\software\maven-repository\io\netty\netty-common\4.1.43.Final\netty-common-4.1.43.Final.jar;D:\software\maven-repository\io\netty\netty-handler\4.1.43.Final\netty-handler-4.1.43.Final.jar;D:\software\maven-repository\io\netty\netty-buffer\4.1.43.Final\netty-buffer-4.1.43.Final.jar;D:\software\maven-repository\io\netty\netty-codec\4.1.43.Final\netty-codec-4.1.43.Final.jar;D:\software\maven-repository\io\netty\netty-transport\4.1.43.Final\netty-transport-4.1.43.Final.jar;D:\software\maven-repository\io\netty\netty-resolver\4.1.43.Final\netty-resolver-4.1.43.Final.jar;D:\software\maven-repository\io\projectreactor\reactor-core\3.3.0.RELEASE\reactor-core-3.3.0.RELEASE.jar;D:\software\maven-repository\org\reactivestreams\reactive-streams\1.0.3\reactive-streams-1.0.3.jar;D:\software\maven-repository\org\springframework\boot\spring-boot-starter-jdbc\2.2.1.RELEASE\spring-boot-starter-jdbc-2.2.1.RELEASE.jar;D:\software\maven-repository\com\zaxxer\HikariCP\3.4.1\HikariCP-3.4.1.jar;D:\software\maven-repository\org\springframework\spring-jdbc\5.2.1.RELEASE\spring-jdbc-5.2.1.RELEASE.jar;D:\software\maven-repository\org\springframework\boot\spring-boot-configuration-processor\2.2.1.RELEASE\spring-boot-configuration-processor-2.2.1.RELEASE.jar;D:\software\maven-repository\com\oracle\ojdbc14\10.2.0.4.0\ojdbc14-10.2.0.4.0.jar;D:\software\maven-repository\io\minio\minio\7.1.0\minio-7.1.0.jar;D:\software\maven-repository\com\carrotsearch\thirdparty\simple-xml-safe\2.7.1\simple-xml-safe-2.7.1.jar;D:\software\maven-repository\com\google\guava\guava\25.1-jre\guava-25.1-jre.jar;D:\software\maven-repository\org\checkerframework\checker-qual\2.0.0\checker-qual-2.0.0.jar;D:\software\maven-repository\com\google\errorprone\error_prone_annotations\2.1.3\error_prone_annotations-2.1.3.jar;D:\software\maven-repository\com\google\j2objc\j2objc-annotations\1.1\j2objc-annotations-1.1.jar;D:\software\maven-repository\org\codehaus\mojo\animal-sniffer-annotations\1.14\animal-sniffer-annotations-1.14.jar;D:\software\maven-repository\com\squareup\okhttp3\okhttp\3.14.4\okhttp-3.14.4.jar;D:\software\maven-repository\com\squareup\okio\okio\1.17.2\okio-1.17.2.jar;D:\software\maven-repository\com\fasterxml\jackson\core\jackson-annotations\2.10.0\jackson-annotations-2.10.0.jar;D:\software\maven-repository\com\fasterxml\jackson\core\jackson-core\2.10.0\jackson-core-2.10.0.jar;D:\software\maven-repository\com\fasterxml\jackson\core\jackson-databind\2.10.0\jackson-databind-2.10.0.jar;D:\software\maven-repository\com\github\spotbugs\spotbugs-annotations\4.0.0\spotbugs-annotations-4.0.0.jar;D:\software\maven-repository\net\jcip\jcip-annotations\1.0\jcip-annotations-1.0.jar;D:\software\maven-repository\com\google\code\findbugs\jsr305\3.0.2\jsr305-3.0.2.jar;D:\software\maven-repository\org\csource\fastdfs-client-java\1.29-SNAPSHOT\fastdfs-client-java-1.29-SNAPSHOT.jar;D:\software\maven-repository\commons-httpclient\commons-httpclient\3.0\commons-httpclient-3.0.jar;D:\software\maven-repository\junit\junit\4.12\junit-4.12.jar;D:\software\maven-repository\org\hamcrest\hamcrest-core\2.1\hamcrest-core-2.1.jar;D:\software\maven-repository\commons-logging\commons-logging\1.0.3\commons-logging-1.0.3.jar;D:\software\maven-repository\commons-codec\commons-codec\1.13\commons-codec-1.13.jar;D:\software\maven-repository\org\jsoup\jsoup\1.13.1\jsoup-1.13.1.jar;"/>
    <property name="java.vm.vendor" value="Oracle Corporation"/>
    <property name="sun.arch.data.model" value="64"/>
    <property name="user.variant" value=""/>
    <property name="java.vendor.url" value="http://java.oracle.com/"/>
    <property name="user.timezone" value="Asia/Shanghai"/>
    <property name="java.vm.specification.version" value="1.8"/>
    <property name="os.name" value="Windows 10"/>
    <property name="user.country" value="CN"/>
    <property name="sun.java.launcher" value="SUN_STANDARD"/>
    <property name="sun.boot.library.path" value="D:\software\java\jdk1.8\jre\bin"/>
    <property name="sun.java.command" value="C:\Users\liule\AppData\Local\Temp\surefire6363238817686752510\surefirebooter557440177422145949.jar C:\Users\liule\AppData\Local\Temp\surefire6363238817686752510 2020-11-06T20-43-42_862-jvmRun1 surefire5266777620192591092tmp surefire_01017264908464392699tmp"/>
    <property name="surefire.test.class.path" value="E:\workspace\paichi\代码\paichi\target\test-classes;E:\workspace\paichi\代码\paichi\target\classes;D:\software\maven-repository\org\springframework\boot\spring-boot-starter-web\2.2.1.RELEASE\spring-boot-starter-web-2.2.1.RELEASE.jar;D:\software\maven-repository\org\springframework\boot\spring-boot-starter\2.2.1.RELEASE\spring-boot-starter-2.2.1.RELEASE.jar;D:\software\maven-repository\org\springframework\boot\spring-boot-starter-logging\2.2.1.RELEASE\spring-boot-starter-logging-2.2.1.RELEASE.jar;D:\software\maven-repository\ch\qos\logback\logback-classic\1.2.3\logback-classic-1.2.3.jar;D:\software\maven-repository\ch\qos\logback\logback-core\1.2.3\logback-core-1.2.3.jar;D:\software\maven-repository\org\apache\logging\log4j\log4j-to-slf4j\2.12.1\log4j-to-slf4j-2.12.1.jar;D:\software\maven-repository\org\apache\logging\log4j\log4j-api\2.12.1\log4j-api-2.12.1.jar;D:\software\maven-repository\org\slf4j\jul-to-slf4j\1.7.29\jul-to-slf4j-1.7.29.jar;D:\software\maven-repository\org\yaml\snakeyaml\1.25\snakeyaml-1.25.jar;D:\software\maven-repository\org\springframework\boot\spring-boot-starter-json\2.2.1.RELEASE\spring-boot-starter-json-2.2.1.RELEASE.jar;D:\software\maven-repository\com\fasterxml\jackson\datatype\jackson-datatype-jdk8\2.10.0\jackson-datatype-jdk8-2.10.0.jar;D:\software\maven-repository\com\fasterxml\jackson\datatype\jackson-datatype-jsr310\2.10.0\jackson-datatype-jsr310-2.10.0.jar;D:\software\maven-repository\com\fasterxml\jackson\module\jackson-module-parameter-names\2.10.0\jackson-module-parameter-names-2.10.0.jar;D:\software\maven-repository\org\springframework\boot\spring-boot-starter-validation\2.2.1.RELEASE\spring-boot-starter-validation-2.2.1.RELEASE.jar;D:\software\maven-repository\jakarta\validation\jakarta.validation-api\2.0.1\jakarta.validation-api-2.0.1.jar;D:\software\maven-repository\org\hibernate\validator\hibernate-validator\6.0.18.Final\hibernate-validator-6.0.18.Final.jar;D:\software\maven-repository\org\jboss\logging\jboss-logging\3.4.1.Final\jboss-logging-3.4.1.Final.jar;D:\software\maven-repository\com\fasterxml\classmate\1.5.1\classmate-1.5.1.jar;D:\software\maven-repository\org\springframework\spring-web\5.2.1.RELEASE\spring-web-5.2.1.RELEASE.jar;D:\software\maven-repository\org\springframework\spring-beans\5.2.1.RELEASE\spring-beans-5.2.1.RELEASE.jar;D:\software\maven-repository\org\springframework\spring-webmvc\5.2.1.RELEASE\spring-webmvc-5.2.1.RELEASE.jar;D:\software\maven-repository\org\springframework\spring-aop\5.2.1.RELEASE\spring-aop-5.2.1.RELEASE.jar;D:\software\maven-repository\org\springframework\spring-context\5.2.1.RELEASE\spring-context-5.2.1.RELEASE.jar;D:\software\maven-repository\org\springframework\spring-expression\5.2.1.RELEASE\spring-expression-5.2.1.RELEASE.jar;D:\software\maven-repository\org\springframework\boot\spring-boot-starter-tomcat\2.2.1.RELEASE\spring-boot-starter-tomcat-2.2.1.RELEASE.jar;D:\software\maven-repository\jakarta\annotation\jakarta.annotation-api\1.3.5\jakarta.annotation-api-1.3.5.jar;D:\software\maven-repository\org\apache\tomcat\embed\tomcat-embed-core\9.0.27\tomcat-embed-core-9.0.27.jar;D:\software\maven-repository\org\apache\tomcat\embed\tomcat-embed-el\9.0.27\tomcat-embed-el-9.0.27.jar;D:\software\maven-repository\org\apache\tomcat\embed\tomcat-embed-websocket\9.0.27\tomcat-embed-websocket-9.0.27.jar;D:\software\maven-repository\org\springframework\boot\spring-boot-starter-test\2.2.1.RELEASE\spring-boot-starter-test-2.2.1.RELEASE.jar;D:\software\maven-repository\org\springframework\boot\spring-boot-test\2.2.1.RELEASE\spring-boot-test-2.2.1.RELEASE.jar;D:\software\maven-repository\org\springframework\boot\spring-boot-test-autoconfigure\2.2.1.RELEASE\spring-boot-test-autoconfigure-2.2.1.RELEASE.jar;D:\software\maven-repository\com\jayway\jsonpath\json-path\2.4.0\json-path-2.4.0.jar;D:\software\maven-repository\net\minidev\json-smart\2.3\json-smart-2.3.jar;D:\software\maven-repository\net\minidev\accessors-smart\1.2\accessors-smart-1.2.jar;D:\software\maven-repository\org\ow2\asm\asm\5.0.4\asm-5.0.4.jar;D:\software\maven-repository\jakarta\xml\bind\jakarta.xml.bind-api\2.3.2\jakarta.xml.bind-api-2.3.2.jar;D:\software\maven-repository\jakarta\activation\jakarta.activation-api\1.2.1\jakarta.activation-api-1.2.1.jar;D:\software\maven-repository\org\junit\jupiter\junit-jupiter\5.5.2\junit-jupiter-5.5.2.jar;D:\software\maven-repository\org\junit\jupiter\junit-jupiter-api\5.5.2\junit-jupiter-api-5.5.2.jar;D:\software\maven-repository\org\opentest4j\opentest4j\1.2.0\opentest4j-1.2.0.jar;D:\software\maven-repository\org\junit\platform\junit-platform-commons\1.5.2\junit-platform-commons-1.5.2.jar;D:\software\maven-repository\org\junit\jupiter\junit-jupiter-params\5.5.2\junit-jupiter-params-5.5.2.jar;D:\software\maven-repository\org\junit\jupiter\junit-jupiter-engine\5.5.2\junit-jupiter-engine-5.5.2.jar;D:\software\maven-repository\org\junit\vintage\junit-vintage-engine\5.5.2\junit-vintage-engine-5.5.2.jar;D:\software\maven-repository\org\apiguardian\apiguardian-api\1.1.0\apiguardian-api-1.1.0.jar;D:\software\maven-repository\org\junit\platform\junit-platform-engine\1.5.2\junit-platform-engine-1.5.2.jar;D:\software\maven-repository\org\mockito\mockito-junit-jupiter\3.1.0\mockito-junit-jupiter-3.1.0.jar;D:\software\maven-repository\org\assertj\assertj-core\3.13.2\assertj-core-3.13.2.jar;D:\software\maven-repository\org\hamcrest\hamcrest\2.1\hamcrest-2.1.jar;D:\software\maven-repository\org\mockito\mockito-core\3.1.0\mockito-core-3.1.0.jar;D:\software\maven-repository\net\bytebuddy\byte-buddy\1.10.2\byte-buddy-1.10.2.jar;D:\software\maven-repository\net\bytebuddy\byte-buddy-agent\1.10.2\byte-buddy-agent-1.10.2.jar;D:\software\maven-repository\org\objenesis\objenesis\2.6\objenesis-2.6.jar;D:\software\maven-repository\org\skyscreamer\jsonassert\1.5.0\jsonassert-1.5.0.jar;D:\software\maven-repository\com\vaadin\external\google\android-json\0.0.20131108.vaadin1\android-json-0.0.20131108.vaadin1.jar;D:\software\maven-repository\org\springframework\spring-core\5.2.1.RELEASE\spring-core-5.2.1.RELEASE.jar;D:\software\maven-repository\org\springframework\spring-jcl\5.2.1.RELEASE\spring-jcl-5.2.1.RELEASE.jar;D:\software\maven-repository\org\springframework\spring-test\5.2.1.RELEASE\spring-test-5.2.1.RELEASE.jar;D:\software\maven-repository\org\xmlunit\xmlunit-core\2.6.3\xmlunit-core-2.6.3.jar;D:\software\maven-repository\org\springframework\boot\spring-boot-devtools\2.2.1.RELEASE\spring-boot-devtools-2.2.1.RELEASE.jar;D:\software\maven-repository\org\springframework\boot\spring-boot\2.2.1.RELEASE\spring-boot-2.2.1.RELEASE.jar;D:\software\maven-repository\org\springframework\boot\spring-boot-autoconfigure\2.2.1.RELEASE\spring-boot-autoconfigure-2.2.1.RELEASE.jar;D:\software\maven-repository\org\springframework\boot\spring-boot-starter-thymeleaf\2.2.1.RELEASE\spring-boot-starter-thymeleaf-2.2.1.RELEASE.jar;D:\software\maven-repository\org\thymeleaf\thymeleaf-spring5\3.0.11.RELEASE\thymeleaf-spring5-3.0.11.RELEASE.jar;D:\software\maven-repository\org\thymeleaf\thymeleaf\3.0.11.RELEASE\thymeleaf-3.0.11.RELEASE.jar;D:\software\maven-repository\org\attoparser\attoparser\2.0.5.RELEASE\attoparser-2.0.5.RELEASE.jar;D:\software\maven-repository\org\unbescape\unbescape\1.1.6.RELEASE\unbescape-1.1.6.RELEASE.jar;D:\software\maven-repository\org\thymeleaf\extras\thymeleaf-extras-java8time\3.0.4.RELEASE\thymeleaf-extras-java8time-3.0.4.RELEASE.jar;D:\software\maven-repository\org\springframework\boot\spring-boot-starter-mail\2.2.1.RELEASE\spring-boot-starter-mail-2.2.1.RELEASE.jar;D:\software\maven-repository\org\springframework\spring-context-support\5.2.1.RELEASE\spring-context-support-5.2.1.RELEASE.jar;D:\software\maven-repository\com\sun\mail\jakarta.mail\1.6.4\jakarta.mail-1.6.4.jar;D:\software\maven-repository\com\sun\activation\jakarta.activation\1.2.1\jakarta.activation-1.2.1.jar;D:\software\maven-repository\org\projectlombok\lombok\1.18.10\lombok-1.18.10.jar;D:\software\maven-repository\com\baomidou\mybatis-plus-boot-starter\3.0.6\mybatis-plus-boot-starter-3.0.6.jar;D:\software\maven-repository\com\baomidou\mybatis-plus\3.0.6\mybatis-plus-3.0.6.jar;D:\software\maven-repository\com\baomidou\mybatis-plus-extension\3.0.6\mybatis-plus-extension-3.0.6.jar;D:\software\maven-repository\com\baomidou\mybatis-plus-core\3.0.6\mybatis-plus-core-3.0.6.jar;D:\software\maven-repository\com\baomidou\mybatis-plus-annotation\3.0.6\mybatis-plus-annotation-3.0.6.jar;D:\software\maven-repository\com\github\jsqlparser\jsqlparser\1.2\jsqlparser-1.2.jar;D:\software\maven-repository\org\mybatis\mybatis-spring\1.3.2\mybatis-spring-1.3.2.jar;D:\software\maven-repository\org\mybatis\mybatis\3.4.6\mybatis-3.4.6.jar;D:\software\maven-repository\com\baomidou\mybatis-plus-generator\3.0.6\mybatis-plus-generator-3.0.6.jar;D:\software\maven-repository\org\apache\velocity\velocity-engine-core\2.0\velocity-engine-core-2.0.jar;D:\software\maven-repository\org\apache\commons\commons-lang3\3.9\commons-lang3-3.9.jar;D:\software\maven-repository\org\slf4j\slf4j-api\1.7.29\slf4j-api-1.7.29.jar;D:\software\maven-repository\com\alibaba\druid-spring-boot-starter\1.1.17\druid-spring-boot-starter-1.1.17.jar;D:\software\maven-repository\com\alibaba\druid\1.1.17\druid-1.1.17.jar;D:\software\maven-repository\com\alibaba\fastjson\1.2.47\fastjson-1.2.47.jar;D:\software\maven-repository\org\springframework\boot\spring-boot-starter-data-redis\2.2.1.RELEASE\spring-boot-starter-data-redis-2.2.1.RELEASE.jar;D:\software\maven-repository\org\springframework\data\spring-data-redis\2.2.1.RELEASE\spring-data-redis-2.2.1.RELEASE.jar;D:\software\maven-repository\org\springframework\data\spring-data-keyvalue\2.2.1.RELEASE\spring-data-keyvalue-2.2.1.RELEASE.jar;D:\software\maven-repository\org\springframework\data\spring-data-commons\2.2.1.RELEASE\spring-data-commons-2.2.1.RELEASE.jar;D:\software\maven-repository\org\springframework\spring-tx\5.2.1.RELEASE\spring-tx-5.2.1.RELEASE.jar;D:\software\maven-repository\org\springframework\spring-oxm\5.2.1.RELEASE\spring-oxm-5.2.1.RELEASE.jar;D:\software\maven-repository\io\lettuce\lettuce-core\5.2.1.RELEASE\lettuce-core-5.2.1.RELEASE.jar;D:\software\maven-repository\io\netty\netty-common\4.1.43.Final\netty-common-4.1.43.Final.jar;D:\software\maven-repository\io\netty\netty-handler\4.1.43.Final\netty-handler-4.1.43.Final.jar;D:\software\maven-repository\io\netty\netty-buffer\4.1.43.Final\netty-buffer-4.1.43.Final.jar;D:\software\maven-repository\io\netty\netty-codec\4.1.43.Final\netty-codec-4.1.43.Final.jar;D:\software\maven-repository\io\netty\netty-transport\4.1.43.Final\netty-transport-4.1.43.Final.jar;D:\software\maven-repository\io\netty\netty-resolver\4.1.43.Final\netty-resolver-4.1.43.Final.jar;D:\software\maven-repository\io\projectreactor\reactor-core\3.3.0.RELEASE\reactor-core-3.3.0.RELEASE.jar;D:\software\maven-repository\org\reactivestreams\reactive-streams\1.0.3\reactive-streams-1.0.3.jar;D:\software\maven-repository\org\springframework\boot\spring-boot-starter-jdbc\2.2.1.RELEASE\spring-boot-starter-jdbc-2.2.1.RELEASE.jar;D:\software\maven-repository\com\zaxxer\HikariCP\3.4.1\HikariCP-3.4.1.jar;D:\software\maven-repository\org\springframework\spring-jdbc\5.2.1.RELEASE\spring-jdbc-5.2.1.RELEASE.jar;D:\software\maven-repository\org\springframework\boot\spring-boot-configuration-processor\2.2.1.RELEASE\spring-boot-configuration-processor-2.2.1.RELEASE.jar;D:\software\maven-repository\com\oracle\ojdbc14\10.2.0.4.0\ojdbc14-10.2.0.4.0.jar;D:\software\maven-repository\io\minio\minio\7.1.0\minio-7.1.0.jar;D:\software\maven-repository\com\carrotsearch\thirdparty\simple-xml-safe\2.7.1\simple-xml-safe-2.7.1.jar;D:\software\maven-repository\com\google\guava\guava\25.1-jre\guava-25.1-jre.jar;D:\software\maven-repository\org\checkerframework\checker-qual\2.0.0\checker-qual-2.0.0.jar;D:\software\maven-repository\com\google\errorprone\error_prone_annotations\2.1.3\error_prone_annotations-2.1.3.jar;D:\software\maven-repository\com\google\j2objc\j2objc-annotations\1.1\j2objc-annotations-1.1.jar;D:\software\maven-repository\org\codehaus\mojo\animal-sniffer-annotations\1.14\animal-sniffer-annotations-1.14.jar;D:\software\maven-repository\com\squareup\okhttp3\okhttp\3.14.4\okhttp-3.14.4.jar;D:\software\maven-repository\com\squareup\okio\okio\1.17.2\okio-1.17.2.jar;D:\software\maven-repository\com\fasterxml\jackson\core\jackson-annotations\2.10.0\jackson-annotations-2.10.0.jar;D:\software\maven-repository\com\fasterxml\jackson\core\jackson-core\2.10.0\jackson-core-2.10.0.jar;D:\software\maven-repository\com\fasterxml\jackson\core\jackson-databind\2.10.0\jackson-databind-2.10.0.jar;D:\software\maven-repository\com\github\spotbugs\spotbugs-annotations\4.0.0\spotbugs-annotations-4.0.0.jar;D:\software\maven-repository\net\jcip\jcip-annotations\1.0\jcip-annotations-1.0.jar;D:\software\maven-repository\com\google\code\findbugs\jsr305\3.0.2\jsr305-3.0.2.jar;D:\software\maven-repository\org\csource\fastdfs-client-java\1.29-SNAPSHOT\fastdfs-client-java-1.29-SNAPSHOT.jar;D:\software\maven-repository\commons-httpclient\commons-httpclient\3.0\commons-httpclient-3.0.jar;D:\software\maven-repository\junit\junit\4.12\junit-4.12.jar;D:\software\maven-repository\org\hamcrest\hamcrest-core\2.1\hamcrest-core-2.1.jar;D:\software\maven-repository\commons-logging\commons-logging\1.0.3\commons-logging-1.0.3.jar;D:\software\maven-repository\commons-codec\commons-codec\1.13\commons-codec-1.13.jar;D:\software\maven-repository\org\jsoup\jsoup\1.13.1\jsoup-1.13.1.jar;"/>
    <property name="sun.cpu.endian" value="little"/>
    <property name="user.home" value="C:\Users\liule"/>
    <property name="user.language" value="zh"/>
    <property name="java.specification.vendor" value="Oracle Corporation"/>
    <property name="java.home" value="D:\software\java\jdk1.8\jre"/>
    <property name="basedir" value="E:\workspace\paichi\代码\paichi"/>
    <property name="file.separator" value="\"/>
    <property name="line.separator" value="&#10;"/>
    <property name="java.vm.specification.vendor" value="Oracle Corporation"/>
    <property name="java.specification.name" value="Java Platform API Specification"/>
    <property name="java.awt.graphicsenv" value="sun.awt.Win32GraphicsEnvironment"/>
    <property name="surefire.real.class.path" value="C:\Users\liule\AppData\Local\Temp\surefire6363238817686752510\surefirebooter557440177422145949.jar"/>
    <property name="sun.boot.class.path" value="D:\software\java\jdk1.8\jre\lib\resources.jar;D:\software\java\jdk1.8\jre\lib\rt.jar;D:\software\java\jdk1.8\jre\lib\sunrsasign.jar;D:\software\java\jdk1.8\jre\lib\jsse.jar;D:\software\java\jdk1.8\jre\lib\jce.jar;D:\software\java\jdk1.8\jre\lib\charsets.jar;D:\software\java\jdk1.8\jre\lib\jfr.jar;D:\software\java\jdk1.8\jre\classes"/>
    <property name="user.script" value=""/>
    <property name="sun.management.compiler" value="HotSpot 64-Bit Tiered Compilers"/>
    <property name="java.runtime.version" value="1.8.0_212-b10"/>
    <property name="user.name" value="liule"/>
    <property name="path.separator" value=";"/>
    <property name="os.version" value="10.0"/>
    <property name="java.endorsed.dirs" value="D:\software\java\jdk1.8\jre\lib\endorsed"/>
    <property name="java.runtime.name" value="Java(TM) SE Runtime Environment"/>
    <property name="file.encoding" value="GBK"/>
    <property name="java.vm.name" value="Java HotSpot(TM) 64-Bit Server VM"/>
    <property name="localRepository" value="D:\software\maven-repository"/>
    <property name="java.vendor.url.bug" value="http://bugreport.sun.com/bugreport/"/>
    <property name="java.io.tmpdir" value="C:\Users\liule\AppData\Local\Temp\"/>
    <property name="java.version" value="1.8.0_212"/>
    <property name="user.dir" value="E:\workspace\paichi\代码\paichi"/>
    <property name="os.arch" value="amd64"/>
    <property name="java.vm.specification.name" value="Java Virtual Machine Specification"/>
    <property name="java.awt.printerjob" value="sun.awt.windows.WPrinterJob"/>
    <property name="sun.os.patch.level" value=""/>
    <property name="idea.version2019.3.3" value="true"/>
    <property name="java.library.path" value="D:\software\java\jdk1.8\jre\bin;C:\Windows\Sun\Java\bin;C:\Windows\system32;C:\Windows;E:\iHyperDB\executable;D:\software\Python38\Scripts\;D:\software\Python38\;D:\Program Files\Xshell 6\;D:\Program Files\Xftp 6\;C:\Program Files (x86)\Common Files\Oracle\Java\javapath;C:\Windows\system32;C:\Windows;C:\Windows\System32\Wbem;C:\Windows\System32\WindowsPowerShell\v1.0\;C:\Windows\System32\OpenSSH\;C:\Program Files (x86)\NVIDIA Corporation\PhysX\Common;C:\Program Files\NVIDIA Corporation\NVIDIA NvDLISR;D:\software\java\jdk1.8\bin;D:\software\java\jdk1.8\jre\bin;D:\software\apache-maven-3.6.1\bin;D:\software\TortoiseSVN\bin;C:\Go\bin;D:\software\Git\Git\cmd;D:\software\nodejs\;E:\ihd3.6.1_win64_cn\Win64\win64_hdSDK3\hdsdk\executable_x64;C:\Users\liule\AppData\Local\Microsoft\WindowsApps;D:\Program Files\BandZip\;C:\Users\liule\go\bin;C:\Users\liule\AppData\Roaming\npm;D:\software\nodejs\node_global;;D:\software\Microsoft VS Code\Microsoft VS Code\bin;D:\software\JetBrains\DataGrip 2020.1\bin;;D:\software\JetBrains\WebStorm 2020.1\bin;;."/>
    <property name="java.vm.info" value="mixed mode"/>
    <property name="java.vendor" value="Oracle Corporation"/>
    <property name="java.vm.version" value="25.212-b10"/>
    <property name="java.ext.dirs" value="D:\software\java\jdk1.8\jre\lib\ext;C:\Windows\Sun\Java\lib\ext"/>
    <property name="sun.io.unicode.encoding" value="UnicodeLittle"/>
    <property name="java.class.version" value="52.0"/>
  </properties>
  <testcase name="getObject1" classname="com.paichi.TestMinio" time="0"/>
  <testcase name="getObject2" classname="com.paichi.TestMinio" time="3.991"/>
</testsuite>